<?xml version="1.0" encoding="UTF-8"?>
<testng-results ignored="0" total="3" passed="3" failed="0" skipped="0">
  <reporter-output>
  </reporter-output>
  <suite started-at="2025-07-18T18:58:37 IST" name="Suite" finished-at="2025-07-18T18:58:37 IST" duration-ms="144">
    <groups>
    </groups>
    <test started-at="2025-07-18T18:58:37 IST" name="Test" finished-at="2025-07-18T18:58:37 IST" duration-ms="144">
      <class name="learning.testng.Annoations">
        <test-method signature="m1(java.lang.String)[pri:0, instance:learning.testng.Annoations@689604d9]" started-at="2025-07-18T18:58:37 IST" name="m1" finished-at="2025-07-18T18:58:37 IST" duration-ms="20" status="PASS">
          <params>
            <param index="0">
              <value>
                <![CDATA[Sarath]]>
              </value>
            </param>
          </params>
          <reporter-output>
          </reporter-output>
        </test-method> <!-- m1 -->
        <test-method signature="m2(java.lang.String,int)[pri:0, instance:learning.testng.Annoations@689604d9]" started-at="2025-07-18T18:58:37 IST" name="m2" finished-at="2025-07-18T18:58:37 IST" duration-ms="11" status="PASS">
          <params>
            <param index="0">
              <value>
                <![CDATA[Sarath]]>
              </value>
            </param>
            <param index="1">
              <value>
                <![CDATA[30]]>
              </value>
            </param>
          </params>
          <reporter-output>
          </reporter-output>
        </test-method> <!-- m2 -->
        <test-method signature="m3(java.lang.String,int,int)[pri:0, instance:learning.testng.Annoations@689604d9]" started-at="2025-07-18T18:58:37 IST" name="m3" finished-at="2025-07-18T18:58:37 IST" duration-ms="12" status="PASS">
          <params>
            <param index="0">
              <value>
                <![CDATA[Sarath]]>
              </value>
            </param>
            <param index="1">
              <value>
                <![CDATA[30]]>
              </value>
            </param>
            <param index="2">
              <value>
                <![CDATA[50000]]>
              </value>
            </param>
          </params>
          <reporter-output>
          </reporter-output>
        </test-method> <!-- m3 -->
      </class> <!-- learning.testng.Annoations -->
    </test> <!-- Test -->
  </suite> <!-- Suite -->
</testng-results>
